[INFO] Scanning for projects...
[INFO] 
[INFO] ---------< com.flexiconvert.converter:offline-file-converter >----------
[INFO] Building Offline File Converter 1.0.0
[INFO]   from pom.xml
[INFO] --------------------------------[ jar ]---------------------------------
[INFO] 
[INFO] --- clean:3.2.0:clean (default-clean) @ offline-file-converter ---
[INFO] Deleting C:\Users\jainy\Desktop\offline-file-converter\target
[INFO] 
[INFO] --- resources:3.3.1:resources (default-resources) @ offline-file-converter ---
[INFO] Copying 1 resource from src\main\resources to target\classes
[INFO] 
[INFO] --- compiler:3.10.1:compile (default-compile) @ offline-file-converter ---
[INFO] Changes detected - recompiling the module!
[INFO] Compiling 44 source files to C:\Users\jainy\Desktop\offline-file-converter\target\classes
[INFO] /C:/Users/jainy/Desktop/offline-file-converter/src/main/java/com/flexiconvert/converters/TarToFolderConverter.java: C:\Users\jainy\Desktop\offline-file-converter\src\main\java\com\flexiconvert\converters\TarToFolderConverter.java uses or overrides a deprecated API.
[INFO] /C:/Users/jainy/Desktop/offline-file-converter/src/main/java/com/flexiconvert/converters/TarToFolderConverter.java: Recompile with -Xlint:deprecation for details.
[INFO] /C:/Users/jainy/Desktop/offline-file-converter/src/main/java/com/flexiconvert/ui/components/FileInputPanel.java: C:\Users\jainy\Desktop\offline-file-converter\src\main\java\com\flexiconvert\ui\components\FileInputPanel.java uses unchecked or unsafe operations.
[INFO] /C:/Users/jainy/Desktop/offline-file-converter/src/main/java/com/flexiconvert/ui/components/FileInputPanel.java: Recompile with -Xlint:unchecked for details.
[INFO] 
[INFO] --- resources:3.3.1:testResources (default-testResources) @ offline-file-converter ---
[INFO] Copying 20 resources from src\test\resources to target\test-classes
[INFO] 
[INFO] --- compiler:3.10.1:testCompile (default-testCompile) @ offline-file-converter ---
[INFO] Changes detected - recompiling the module!
[INFO] Compiling 36 source files to C:\Users\jainy\Desktop\offline-file-converter\target\test-classes
[INFO] 
[INFO] --- surefire:3.0.0-M9:test (default-test) @ offline-file-converter ---
[INFO] Using auto detected provider org.apache.maven.surefire.junitplatform.JUnitPlatformProvider
[INFO] 
[INFO] -------------------------------------------------------
[INFO]  T E S T S
[INFO] -------------------------------------------------------
[INFO] Running com.flexiconvert.converters.CsvToJsonConverterTest
[INFO] Tests run: 3, Failures: 0, Errors: 0, Skipped: 0, Time elapsed: 0.824 s - in com.flexiconvert.converters.CsvToJsonConverterTest
[INFO] Running com.flexiconvert.converters.CsvToXmlConverterTest
[INFO] Tests run: 3, Failures: 0, Errors: 0, Skipped: 0, Time elapsed: 0.168 s - in com.flexiconvert.converters.CsvToXmlConverterTest
[INFO] Running com.flexiconvert.converters.DocxMediaToImagesConverterTest
No embedded media found in: noimage.docx
[INFO] Tests run: 2, Failures: 0, Errors: 0, Skipped: 0, Time elapsed: 0.801 s - in com.flexiconvert.converters.DocxMediaToImagesConverterTest
[INFO] Running com.flexiconvert.converters.DocxToHtmlConverterTest
[INFO] Tests run: 2, Failures: 0, Errors: 0, Skipped: 0, Time elapsed: 0.173 s - in com.flexiconvert.converters.DocxToHtmlConverterTest
[INFO] Running com.flexiconvert.converters.DocxToPdfConverterTest
[INFO] Tests run: 2, Failures: 0, Errors: 0, Skipped: 0, Time elapsed: 0.361 s - in com.flexiconvert.converters.DocxToPdfConverterTest
[INFO] Running com.flexiconvert.converters.DocxToTextConverterTest
[INFO] Tests run: 2, Failures: 0, Errors: 0, Skipped: 0, Time elapsed: 0.195 s - in com.flexiconvert.converters.DocxToTextConverterTest
[INFO] Running com.flexiconvert.converters.GenericToPdfConverterTest
[INFO] Tests run: 2, Failures: 0, Errors: 0, Skipped: 0, Time elapsed: 0.01 s - in com.flexiconvert.converters.GenericToPdfConverterTest
[INFO] Running com.flexiconvert.converters.GenericToTextConverterTest
[INFO] Tests run: 2, Failures: 0, Errors: 0, Skipped: 0, Time elapsed: 0.008 s - in com.flexiconvert.converters.GenericToTextConverterTest
[INFO] Running com.flexiconvert.converters.GzToFolderConverterTest
[INFO] Tests run: 2, Failures: 0, Errors: 0, Skipped: 0, Time elapsed: 0.136 s - in com.flexiconvert.converters.GzToFolderConverterTest
[INFO] Running com.flexiconvert.converters.JpgToPngConverterTest
[INFO] Tests run: 2, Failures: 0, Errors: 0, Skipped: 0, Time elapsed: 0.141 s - in com.flexiconvert.converters.JpgToPngConverterTest
[INFO] Running com.flexiconvert.converters.JsonToCsvConverterTest
[INFO] Tests run: 4, Failures: 0, Errors: 0, Skipped: 0, Time elapsed: 0.18 s - in com.flexiconvert.converters.JsonToCsvConverterTest
[INFO] Running com.flexiconvert.converters.JsonToXmlConverterTest
[INFO] Tests run: 3, Failures: 0, Errors: 0, Skipped: 0, Time elapsed: 0.172 s - in com.flexiconvert.converters.JsonToXmlConverterTest
[INFO] Running com.flexiconvert.converters.MdToHtmlConverterTest
[INFO] Tests run: 2, Failures: 0, Errors: 0, Skipped: 0, Time elapsed: 0.098 s - in com.flexiconvert.converters.MdToHtmlConverterTest
[INFO] Running com.flexiconvert.converters.MdToPdfConverterTest
[INFO] Tests run: 2, Failures: 0, Errors: 0, Skipped: 0, Time elapsed: 0.082 s - in com.flexiconvert.converters.MdToPdfConverterTest
[INFO] Running com.flexiconvert.converters.PdfMediaToImagesConverterTest
[INFO] Tests run: 2, Failures: 0, Errors: 0, Skipped: 0, Time elapsed: 0.117 s - in com.flexiconvert.converters.PdfMediaToImagesConverterTest
[INFO] Running com.flexiconvert.converters.PdfToImagesConverterTest
[INFO] Tests run: 2, Failures: 0, Errors: 0, Skipped: 0, Time elapsed: 0.912 s - in com.flexiconvert.converters.PdfToImagesConverterTest
[INFO] Running com.flexiconvert.converters.PdfToTextConverterTest
[INFO] Tests run: 2, Failures: 0, Errors: 0, Skipped: 0, Time elapsed: 0.083 s - in com.flexiconvert.converters.PdfToTextConverterTest
[INFO] Running com.flexiconvert.converters.PngToJpgConverterTest
[INFO] Tests run: 2, Failures: 0, Errors: 0, Skipped: 0, Time elapsed: 0.071 s - in com.flexiconvert.converters.PngToJpgConverterTest
[INFO] Running com.flexiconvert.converters.PngToWebpConverterTest
[INFO] Tests run: 2, Failures: 0, Errors: 0, Skipped: 0, Time elapsed: 0.235 s - in com.flexiconvert.converters.PngToWebpConverterTest
[INFO] Running com.flexiconvert.converters.PptxMediaToImagesConverterTest
No embedded images found in: empty.pptx
[INFO] Tests run: 2, Failures: 0, Errors: 0, Skipped: 0, Time elapsed: 0.517 s - in com.flexiconvert.converters.PptxMediaToImagesConverterTest
[INFO] Running com.flexiconvert.converters.PptxToImagesConverterTest
[INFO] Tests run: 2, Failures: 0, Errors: 0, Skipped: 0, Time elapsed: 0.964 s - in com.flexiconvert.converters.PptxToImagesConverterTest
[INFO] Running com.flexiconvert.converters.PptxToPdfConverterTest
[INFO] Tests run: 2, Failures: 0, Errors: 0, Skipped: 0, Time elapsed: 0.322 s - in com.flexiconvert.converters.PptxToPdfConverterTest
[INFO] Running com.flexiconvert.converters.RtfToPdfConverterTest
[INFO] Tests run: 2, Failures: 0, Errors: 0, Skipped: 0, Time elapsed: 0.103 s - in com.flexiconvert.converters.RtfToPdfConverterTest
[INFO] Running com.flexiconvert.converters.RtfToTextConverterTest
[INFO] Tests run: 3, Failures: 0, Errors: 0, Skipped: 0, Time elapsed: 0.122 s - in com.flexiconvert.converters.RtfToTextConverterTest
[INFO] Running com.flexiconvert.converters.TarToFolderConverterTest
[INFO] Tests run: 2, Failures: 0, Errors: 0, Skipped: 0, Time elapsed: 0.101 s - in com.flexiconvert.converters.TarToFolderConverterTest
[INFO] Running com.flexiconvert.converters.TextToPdfConverterTest
[INFO] Tests run: 2, Failures: 0, Errors: 0, Skipped: 0, Time elapsed: 0.071 s - in com.flexiconvert.converters.TextToPdfConverterTest
[INFO] Running com.flexiconvert.converters.TxtToHtmlConverterTest
Info: Markdown-like formatting was converted to HTML (good!)
Info: URLs were preserved as text only
[INFO] Tests run: 6, Failures: 0, Errors: 0, Skipped: 0, Time elapsed: 0.288 s - in com.flexiconvert.converters.TxtToHtmlConverterTest
[INFO] Running com.flexiconvert.converters.WebpToPngConverterTest
[INFO] Tests run: 5, Failures: 0, Errors: 0, Skipped: 0, Time elapsed: 4.133 s - in com.flexiconvert.converters.WebpToPngConverterTest
[INFO] Running com.flexiconvert.converters.XlsxToCsvConverterTest
[INFO] Tests run: 5, Failures: 0, Errors: 0, Skipped: 0, Time elapsed: 0.634 s - in com.flexiconvert.converters.XlsxToCsvConverterTest
[INFO] Running com.flexiconvert.converters.XlsxToPdfConverterTest
[INFO] Tests run: 5, Failures: 0, Errors: 0, Skipped: 0, Time elapsed: 0.714 s - in com.flexiconvert.converters.XlsxToPdfConverterTest
[INFO] Running com.flexiconvert.converters.XmlToJsonConverterTest
[INFO] Tests run: 6, Failures: 0, Errors: 0, Skipped: 0, Time elapsed: 0.352 s - in com.flexiconvert.converters.XmlToJsonConverterTest
[INFO] Running com.flexiconvert.converters.XmlToPdfConverterTest
[INFO] Tests run: 5, Failures: 0, Errors: 0, Skipped: 0, Time elapsed: 0.185 s - in com.flexiconvert.converters.XmlToPdfConverterTest
[INFO] Running com.flexiconvert.converters.ZipToFolderConverterTest
[INFO] Tests run: 2, Failures: 0, Errors: 0, Skipped: 0, Time elapsed: 0.074 s - in com.flexiconvert.converters.ZipToFolderConverterTest
[INFO] Running com.flexiconvert.FileConverterServiceTest
? Verifying final output path: C:\Users\jainy\AppData\Local\Temp\flexiconvert-temp-15dc3548-a735-4a98-aa42-e2ed3d8f9ca9\sample.html
? Output exists? true
[INFO] Tests run: 2, Failures: 0, Errors: 0, Skipped: 0, Time elapsed: 0.277 s - in com.flexiconvert.FileConverterServiceTest
[INFO] Running com.flexiconvert.RegressionMatrixTest
? Verifying final output path: C:\Users\jainy\AppData\Local\Temp\flexiconvert-temp-5ec1a2db-eb99-4c0b-b305-6ebb2358b293\sample.pdf
? Output exists? true
? Verifying final output path: C:\Users\jainy\AppData\Local\Temp\flexiconvert-temp-5bf44e48-05e6-4adb-90e3-5e7203b5ff0b\sample.pdf
? Output exists? true
? Verifying final output path: C:\Users\jainy\AppData\Local\Temp\flexiconvert-temp-efdffb1c-5efe-41ba-9660-d5739718be14\sample.csv
? Output exists? true
? Verifying final output path: C:\Users\jainy\AppData\Local\Temp\flexiconvert-temp-42fae07b-b941-4521-ac3b-0a7cf5252436\sample.txt
? Output exists? true
? Verifying final output path: C:\Users\jainy\AppData\Local\Temp\flexiconvert-temp-2f8b45de-a3e5-47a0-b642-273130dfdd31\sample.html
? Output exists? true
? Verifying final output path: C:\Users\jainy\AppData\Local\Temp\flexiconvert-temp-0ca8da71-1beb-4789-9bea-b825b73aac8e\sample.txt
? Output exists? true
? Verifying final output path: C:\Users\jainy\AppData\Local\Temp\flexiconvert-temp-b8325fa8-8488-43b8-99f3-28195c7bf3c6\sample.images
? Output exists? false
? Verifying final output path: C:\Users\jainy\AppData\Local\Temp\flexiconvert-temp-fc7bd5d5-2391-4417-9067-9f63b22bfc80\sample.html
? Output exists? true
? Verifying final output path: C:\Users\jainy\AppData\Local\Temp\flexiconvert-temp-0a15a160-6384-4470-b103-0423ca369c17\sample.pdf
? Output exists? true
? Verifying final output path: C:\Users\jainy\AppData\Local\Temp\flexiconvert-temp-7a5bfd24-a372-46fc-9350-a85d3c6b3863\sample.txt
? Output exists? true
? Verifying final output path: C:\Users\jainy\AppData\Local\Temp\flexiconvert-temp-d844633a-6f7e-4948-8110-91029c4f9230\sample.html
? Output exists? true
? Verifying final output path: C:\Users\jainy\AppData\Local\Temp\flexiconvert-temp-9714b81a-af38-442d-8f50-79bac2463bdf\sample.pdf
? Output exists? true
? Verifying final output path: C:\Users\jainy\AppData\Local\Temp\flexiconvert-temp-e4e76ac3-ef50-4542-af49-f840e0f311d5\sample.pdf
? Output exists? true
? Verifying final output path: C:\Users\jainy\AppData\Local\Temp\flexiconvert-temp-ea286852-aa42-446d-8590-504fa60fa930\sample.json
? Output exists? true
? Verifying final output path: C:\Users\jainy\AppData\Local\Temp\flexiconvert-temp-ed2e8013-b5c6-41c6-ae0a-9cb39470e439\sample.csv
? Output exists? true
? Verifying final output path: C:\Users\jainy\AppData\Local\Temp\flexiconvert-temp-6258a04f-0f09-4e7e-8681-001aadb81b6a\sample.xml
? Output exists? true
? Verifying final output path: C:\Users\jainy\AppData\Local\Temp\flexiconvert-temp-c9140a3d-a5da-47c5-b63d-e77d09d72f9d\sample.xml
? Output exists? true
? Verifying final output path: C:\Users\jainy\AppData\Local\Temp\flexiconvert-temp-14180f3f-7577-410e-a925-f661f8969d94\sample.json
? Output exists? true
? Verifying final output path: C:\Users\jainy\AppData\Local\Temp\flexiconvert-temp-95ece99c-0b0f-4204-abbf-0fc983209465\sample.pdf
? Output exists? true
? Verifying final output path: C:\Users\jainy\AppData\Local\Temp\flexiconvert-temp-d9af6284-9fee-4f15-b966-ae3a3d0e56f4\sample.images
? Output exists? false
? Verifying final output path: C:\Users\jainy\AppData\Local\Temp\flexiconvert-temp-43938bed-685f-4dc6-a6cd-3a7a3f199075\sample.folder
? Output exists? true
? Verifying final output path: C:\Users\jainy\AppData\Local\Temp\flexiconvert-temp-66683cdb-e6ae-4d77-9865-01de24742f0e\sample.folder
? Output exists? true
? Verifying final output path: C:\Users\jainy\AppData\Local\Temp\flexiconvert-temp-b4249d5d-877b-4fda-a83a-ca7b58e93d35\sample.folder
? Output exists? true
? Verifying final output path: C:\Users\jainy\AppData\Local\Temp\flexiconvert-temp-bc9f2219-a6fd-445f-8075-a81372d109b8\sample.images
? Output exists? false
? Verifying final output path: C:\Users\jainy\AppData\Local\Temp\flexiconvert-temp-bceeb651-91a5-4aed-b17f-37a4aa7b137e\sample.images
? Output exists? false
? Verifying final output path: C:\Users\jainy\AppData\Local\Temp\flexiconvert-temp-d6930d61-8780-42da-9fd0-5f926284df83\sample.images
? Output exists? false
? Verifying final output path: C:\Users\jainy\AppData\Local\Temp\flexiconvert-temp-910de500-8b66-4348-8608-2ff5a2460575\sample.jpg
? Output exists? true
? Verifying final output path: C:\Users\jainy\AppData\Local\Temp\flexiconvert-temp-0d97f9ea-15ca-4090-8534-3c20b0fed88a\sample.webp
? Output exists? true
? Verifying final output path: C:\Users\jainy\AppData\Local\Temp\flexiconvert-temp-33804b41-762a-4a7b-a706-86a4cc077ed5\sample.png
? Output exists? true
? Verifying final output path: C:\Users\jainy\AppData\Local\Temp\flexiconvert-temp-cfb84194-b10f-4ac1-9bac-aa037e7f79cf\sample.png
? Output exists? true
? Verifying final output path: C:\Users\jainy\AppData\Local\Temp\flexiconvert-temp-c68ccb7a-74ad-4691-927f-314a15528ce4\sample.pdf
? Output exists? true
? Verifying final output path: C:\Users\jainy\AppData\Local\Temp\flexiconvert-temp-c7655506-f108-4a29-8680-18587637e1d3\sample.pdf
? Output exists? true
? Verifying final output path: C:\Users\jainy\AppData\Local\Temp\flexiconvert-temp-0afb746d-ee1c-4b12-b291-25e2df7c2f7e\sample.pdf
? Output exists? true
? Verifying final output path: C:\Users\jainy\AppData\Local\Temp\flexiconvert-temp-10c99e09-8a03-40e2-917a-a67839067597\sample.pdf
? Output exists? true
? Verifying final output path: C:\Users\jainy\AppData\Local\Temp\flexiconvert-temp-6bcd9df2-4c7b-4687-97dd-9eeb806ecc26\sample.txt
? Output exists? true
? Verifying final output path: C:\Users\jainy\AppData\Local\Temp\flexiconvert-temp-f4591c24-c9ec-4cb2-9c3c-67da98224106\sample.txt
? Output exists? true
? Verifying final output path: C:\Users\jainy\AppData\Local\Temp\flexiconvert-temp-d3b965dc-1881-4ff7-a366-392b4ce3610d\sample.txt
? Output exists? true
? Verifying final output path: C:\Users\jainy\AppData\Local\Temp\flexiconvert-temp-4c2cd83d-b19b-49e4-8821-8da42cd4ddf1\sample.txt
? Output exists? true
[INFO] Tests run: 1, Failures: 0, Errors: 0, Skipped: 0, Time elapsed: 16.308 s - in com.flexiconvert.RegressionMatrixTest
[INFO] 
[INFO] Results:
[INFO] 
[INFO] Tests run: 95, Failures: 0, Errors: 0, Skipped: 0
[INFO] 
[INFO] ------------------------------------------------------------------------
[INFO] BUILD SUCCESS
[INFO] ------------------------------------------------------------------------
[INFO] Total time:  35.702 s
[INFO] Finished at: 2025-05-30T14:26:14-07:00
[INFO] ------------------------------------------------------------------------
